g:\study\лабораторные работы\основы пи\лаба 12 проект\value_converter\value_converter\x64\debug\vc143.pdb
g:\study\лабораторные работы\основы пи\лаба 12 проект\value_converter\value_converter\x64\debug\vc143.idb
g:\study\лабораторные работы\основы пи\лаба 12 проект\value_converter\value_converter\x64\debug\value_converter.obj
g:\study\лабораторные работы\основы пи\лаба 12 проект\value_converter\value_converter\x64\debug\to_the_usd_like.obj
g:\study\лабораторные работы\основы пи\лаба 12 проект\value_converter\value_converter\x64\debug\serch_non_zero_el.obj
g:\study\лабораторные работы\основы пи\лаба 12 проект\value_converter\value_converter\x64\debug\nume_syst_todec.obj
g:\study\лабораторные работы\основы пи\лаба 12 проект\value_converter\value_converter\x64\debug\numeral_system.obj
g:\study\лабораторные работы\основы пи\лаба 12 проект\value_converter\value_converter\x64\debug\money_conv.obj
g:\study\лабораторные работы\основы пи\лаба 12 проект\value_converter\value_converter\x64\debug\found_result.obj
g:\study\лабораторные работы\основы пи\лаба 12 проект\value_converter\x64\debug\value_converter.exe
g:\study\лабораторные работы\основы пи\лаба 12 проект\value_converter\x64\debug\value_converter.pdb
g:\study\лабораторные работы\основы пи\лаба 12 проект\value_converter\value_converter\x64\debug\value_converter.ilk
g:\study\лабораторные работы\основы пи\лаба 12 проект\value_converter\value_converter\x64\debug\value_converter.tlog\cl.command.1.tlog
g:\study\лабораторные работы\основы пи\лаба 12 проект\value_converter\value_converter\x64\debug\value_converter.tlog\cl.items.tlog
g:\study\лабораторные работы\основы пи\лаба 12 проект\value_converter\value_converter\x64\debug\value_converter.tlog\cl.read.1.tlog
g:\study\лабораторные работы\основы пи\лаба 12 проект\value_converter\value_converter\x64\debug\value_converter.tlog\cl.write.1.tlog
g:\study\лабораторные работы\основы пи\лаба 12 проект\value_converter\value_converter\x64\debug\value_converter.tlog\link.command.1.tlog
g:\study\лабораторные работы\основы пи\лаба 12 проект\value_converter\value_converter\x64\debug\value_converter.tlog\link.read.1.tlog
g:\study\лабораторные работы\основы пи\лаба 12 проект\value_converter\value_converter\x64\debug\value_converter.tlog\link.secondary.1.tlog
g:\study\лабораторные работы\основы пи\лаба 12 проект\value_converter\value_converter\x64\debug\value_converter.tlog\link.write.1.tlog
