Сборка начата 23.12.2025 16:02:12.
Уровень детализации журнала: Normal.     1>Проект "D:\Laba.nar\project\value_converter\value_converter\Value_converter\Value_converter\Value_converter.vcxproj" в узле 2 (целевые объекты Build).
     1>PrepareForBuild:
         Структурированный вывод включен. Форматирование диагностики компилятора будет отражать иерархию ошибок. Подробнее см. https://aka.ms/cpp/structured-output.
       InitializeBuildStatus:
         Создание "x64\Debug\Value_converter.tlog\unsuccessfulbuild", так как было задано "AlwaysCreate".
         Обращение к "x64\Debug\Value_converter.tlog\unsuccessfulbuild".
       ClCompile:
         C:\Program Files\Microsoft Visual Studio\2022\Community\VC\Tools\MSVC\14.44.35207\bin\HostX64\x64\CL.exe /c /ZI /JMC /nologo /W3 /WX- /diagnostics:column /sdl /Od /D _DEBUG /D _CONSOLE /D _UNICODE /D UNICODE /Gm- /EHsc /RTC1 /MDd /GS /fp:precise /Zc:wchar_t /Zc:forScope /Zc:inline /permissive- /Fo"x64\Debug\\" /Fd"x64\Debug\vc143.pdb" /external:W3 /Gd /TP /FC /errorReport:prompt Value_converter.cpp
         Value_converter.cpp
       Link:
         C:\Program Files\Microsoft Visual Studio\2022\Community\VC\Tools\MSVC\14.44.35207\bin\HostX64\x64\link.exe /ERRORREPORT:PROMPT /OUT:"D:\Laba.nar\project\value_converter\value_converter\Value_converter\x64\Debug\Value_converter.exe" /INCREMENTAL /ILK:"x64\Debug\Value_converter.ilk" /NOLOGO kernel32.lib user32.lib gdi32.lib winspool.lib comdlg32.lib advapi32.lib shell32.lib ole32.lib oleaut32.lib uuid.lib odbc32.lib odbccp32.lib /MANIFEST /MANIFESTUAC:"level='asInvoker' uiAccess='false'" /manifest:embed /DEBUG /PDB:"D:\Laba.nar\project\value_converter\value_converter\Value_converter\x64\Debug\Value_converter.pdb" /SUBSYSTEM:CONSOLE /TLBID:1 /DYNAMICBASE /NXCOMPAT /IMPLIB:"D:\Laba.nar\project\value_converter\value_converter\Value_converter\x64\Debug\Value_converter.lib" /MACHINE:X64 x64\Debug\Area_conv.obj
         x64\Debug\found_result.obj
         x64\Debug\found_result_length.obj
         x64\Debug\found_result_pressure.obj
         x64\Debug\length_conv.obj
         x64\Debug\money_conv.obj
         x64\Debug\numeral_system.obj
         x64\Debug\nume_syst_toDec.obj
         x64\Debug\power.obj
         x64\Debug\pressure_conv.obj
         x64\Debug\serch_non_zero_el.obj
         x64\Debug\Speed_conv.obj
         x64\Debug\to_the_m_like.obj
         x64\Debug\to_the_Pa_like.obj
         x64\Debug\to_the_usd_like.obj
         x64\Debug\Value_converter.obj
         x64\Debug\weight.obj
         Value_converter.vcxproj -> D:\Laba.nar\project\value_converter\value_converter\Value_converter\x64\Debug\Value_converter.exe
       FinalizeBuildStatus:
         Файл "x64\Debug\Value_converter.tlog\unsuccessfulbuild" удаляется.
         Обращение к "x64\Debug\Value_converter.tlog\Value_converter.lastbuildstate".
     1>Сборка проекта "D:\Laba.nar\project\value_converter\value_converter\Value_converter\Value_converter\Value_converter.vcxproj" завершена (целевые объекты Build).

Сборка успешно завершена.
    Предупреждений: 0
    Ошибок: 0

Прошло времени 00:00:00.68
